#                 Statistics Report
#  Circuit name                                c5315
#  Fault model                                   SAF
#  Pattern type                                  LOC
#  -------------------------------------------------
#  Fault classes                             #faults
#  ----------------------------  -------------------
#    FU (full)                                  6016
#    --------------------------  -------------------
#    UD (undetected)                               0
#    PT (possibly testable)                        0
#    AU (atpg untestable)                         37
#    RE (redundant)                                0
#    AB (atpg abort)                             118
#    TI (tied)                                     0
#    --------------------------  -------------------
#    DT (detected)                              5861
#  -------------------------------------------------
#  Coverage                               percentage
#    --------------------------  -------------------
#    test coverage                            98.03%
#    fault coverage                           97.42%
#    atpg effectiveness                       98.04%
#  -------------------------------------------------
#  #Patterns                                     371
#  -------------------------------------------------
#  ATPG runtime                          1.519e+09 s
#  -------------------------------------------------
