#                 Statistics Report
#  Circuit name                                s1238
#  Fault model                                   SAF
#  Pattern type                                  LOC
#  -------------------------------------------------
#  Fault classes                             #faults
#  ----------------------------  -------------------
#    FU (full)                                  1460
#    --------------------------  -------------------
#    UD (undetected)                               0
#    PT (possibly testable)                        0
#    AU (atpg untestable)                         53
#    RE (redundant)                                0
#    AB (atpg abort)                              18
#    TI (tied)                                     0
#    --------------------------  -------------------
#    DT (detected)                              1389
#  -------------------------------------------------
#  Coverage                               percentage
#    --------------------------  -------------------
#    test coverage                            98.72%
#    fault coverage                           95.14%
#    atpg effectiveness                       98.77%
#  -------------------------------------------------
#  #Patterns                                     203
#  -------------------------------------------------
#  ATPG runtime                          1.524e+09 s
#  -------------------------------------------------
