#                 Statistics Report
#  Circuit name                                s9234
#  Fault model                                   SAF
#  Pattern type                                  LOC
#  -------------------------------------------------
#  Fault classes                             #faults
#  ----------------------------  -------------------
#    FU (full)                                  7274
#    --------------------------  -------------------
#    UD (undetected)                               0
#    PT (possibly testable)                        0
#    AU (atpg untestable)                        201
#    RE (redundant)                                0
#    AB (atpg abort)                             302
#    TI (tied)                                     0
#    --------------------------  -------------------
#    DT (detected)                              6771
#  -------------------------------------------------
#  Coverage                               percentage
#    --------------------------  -------------------
#    test coverage                            95.73%
#    fault coverage                           93.08%
#    atpg effectiveness                       95.85%
#  -------------------------------------------------
#  #Patterns                                     678
#  -------------------------------------------------
#  ATPG runtime                          1.524e+09 s
#  -------------------------------------------------
